<?xml version="1.0" encoding="UTF-8"?>
<!-- Generated by org.testng.reporters.JUnitXMLReporter -->
<testsuite ignored="0" hostname="LAPTOP-5738PF4F" failures="0" tests="3" name="EdgeTesting" time="2.148" errors="0" timestamp="2023-02-13T09:32:47 IST">
  <testcase classname="TestNG.BuyACourse_TestNG" name="@BeforeTest launchTheBrowser" time="2.031">
    <failure type="org.openqa.selenium.WebDriverException" message="unknown error: net::ERR_INTERNET_DISCONNECTED
  (Session info: MicrosoftEdge=110.0.1587.41)
Build info: version: &amp;apos;3.141.59&amp;apos;, revision: &amp;apos;e82be7d358&amp;apos;, time: &amp;apos;2018-11-14T08:17:03&amp;apos;
System info: host: &amp;apos;LAPTOP-5738PF4F&amp;apos;, ip: &amp;apos;127.0.0.1&amp;apos;, os.name: &amp;apos;Windows 11&amp;apos;, os.arch: &amp;apos;amd64&amp;apos;, os.version: &amp;apos;10.0&amp;apos;, java.version: &amp;apos;18.0.2.1&amp;apos;
Driver info: org.openqa.selenium.edge.EdgeDriver
Capabilities {acceptInsecureCerts: false, browserName: msedge, browserVersion: 110.0.1587.41, javascriptEnabled: true, ms:edgeOptions: {debuggerAddress: localhost:50221}, msedge: {msedgedriverVersion: 109.0.1518.78 (4e4b32c38163..., userDataDir: C:\Users\AKASH\AppData\Loca...}, networkConnectionEnabled: false, pageLoadStrategy: normal, platform: WINDOWS, platformName: WINDOWS, proxy: Proxy(), setWindowRect: true, strictFileInteractability: false, timeouts: {implicit: 0, pageLoad: 300000, script: 30000}, unhandledPromptBehavior: dismiss and notify, webauthn:extension:credBlob: true, webauthn:extension:largeBlob: true, webauthn:virtualAuthenticators: true}
Session ID: e489b38a260eda3af6c783ddb6dc8b35">
      <![CDATA[org.openqa.selenium.WebDriverException: unknown error: net::ERR_INTERNET_DISCONNECTED
  (Session info: MicrosoftEdge=110.0.1587.41)
Build info: version: '3.141.59', revision: 'e82be7d358', time: '2018-11-14T08:17:03'
System info: host: 'LAPTOP-5738PF4F', ip: '127.0.0.1', os.name: 'Windows 11', os.arch: 'amd64', os.version: '10.0', java.version: '18.0.2.1'
Driver info: org.openqa.selenium.edge.EdgeDriver
Capabilities {acceptInsecureCerts: false, browserName: msedge, browserVersion: 110.0.1587.41, javascriptEnabled: true, ms:edgeOptions: {debuggerAddress: localhost:50221}, msedge: {msedgedriverVersion: 109.0.1518.78 (4e4b32c38163..., userDataDir: C:\Users\AKASH\AppData\Loca...}, networkConnectionEnabled: false, pageLoadStrategy: normal, platform: WINDOWS, platformName: WINDOWS, proxy: Proxy(), setWindowRect: true, strictFileInteractability: false, timeouts: {implicit: 0, pageLoad: 300000, script: 30000}, unhandledPromptBehavior: dismiss and notify, webauthn:extension:credBlob: true, webauthn:extension:largeBlob: true, webauthn:virtualAuthenticators: true}
Session ID: e489b38a260eda3af6c783ddb6dc8b35
at org.openqa.selenium.remote.http.W3CHttpResponseCodec.createException(W3CHttpResponseCodec.java:187)
at org.openqa.selenium.remote.http.W3CHttpResponseCodec.decode(W3CHttpResponseCodec.java:122)
at org.openqa.selenium.remote.http.W3CHttpResponseCodec.decode(W3CHttpResponseCodec.java:49)
at org.openqa.selenium.remote.HttpCommandExecutor.execute(HttpCommandExecutor.java:158)
at org.openqa.selenium.remote.service.DriverCommandExecutor.execute(DriverCommandExecutor.java:83)
at org.openqa.selenium.remote.RemoteWebDriver.execute(RemoteWebDriver.java:552)
at org.openqa.selenium.remote.RemoteWebDriver.get(RemoteWebDriver.java:277)
at TestNG.BuyACourse_TestNG.launchTheBrowser(BuyACourse_TestNG.java:45)
at java.base/java.util.concurrent.FutureTask.run(FutureTask.java:264)
at java.base/java.util.concurrent.ThreadPoolExecutor.runWorker(ThreadPoolExecutor.java:1136)
at java.base/java.util.concurrent.ThreadPoolExecutor$Worker.run(ThreadPoolExecutor.java:635)
at java.base/java.lang.Thread.run(Thread.java:833)
... Removed 16 stack frames]]>
    </failure>
  </testcase> <!-- @BeforeTest launchTheBrowser -->
  <testcase classname="TestNG.ScheduleFreeClass_TestNG" name="@BeforeTest launchTheBrowser" time="-1.676260967661E9">
    <skipped/>
  </testcase> <!-- @BeforeTest launchTheBrowser -->
  <testcase classname="TestNG.ScheduleFreeClass_TestNG" name="@BeforeClass createPOMObject" time="-1.676260967689E9">
    <skipped/>
  </testcase> <!-- @BeforeClass createPOMObject -->
  <testcase classname="TestNG.BuyACourse_TestNG" name="@BeforeClass createPOMObject" time="-1.676260967689E9">
    <skipped/>
  </testcase> <!-- @BeforeClass createPOMObject -->
  <testcase classname="TestNG.ScheduleFreeClass_TestNG" name="@BeforeMethod enterYourDetails" time="-1.676260967708E9">
    <skipped/>
  </testcase> <!-- @BeforeMethod enterYourDetails -->
  <testcase classname="TestNG.BuyACourse_TestNG" name="@BeforeMethod selectCourse" time="-1.676260967708E9">
    <skipped/>
  </testcase> <!-- @BeforeMethod selectCourse -->
  <testcase classname="TestNG.ScheduleFreeClass_TestNG" name="@AfterMethod afterMethod" time="-1.67626096772E9">
    <skipped/>
  </testcase> <!-- @AfterMethod afterMethod -->
  <testcase classname="TestNG.ScheduleFreeClass_TestNG" name="@AfterClass clearPOMObject" time="-1.676260967726E9">
    <skipped/>
  </testcase> <!-- @AfterClass clearPOMObject -->
  <testcase classname="TestNG.BuyACourse_TestNG" name="@AfterMethod afterMethod" time="-1.676260967729E9">
    <skipped/>
  </testcase> <!-- @AfterMethod afterMethod -->
  <testcase classname="TestNG.BuyACourse_TestNG" name="@BeforeMethod selectCourse" time="-1.676260967735E9">
    <skipped/>
  </testcase> <!-- @BeforeMethod selectCourse -->
  <testcase classname="TestNG.BuyACourse_TestNG" name="@AfterMethod afterMethod" time="-1.67626096775E9">
    <skipped/>
  </testcase> <!-- @AfterMethod afterMethod -->
  <testcase classname="TestNG.BuyACourse_TestNG" name="@AfterClass clearPOMObject" time="-1.676260967754E9">
    <skipped/>
  </testcase> <!-- @AfterClass clearPOMObject -->
  <testcase classname="TestNG.BuyACourse_TestNG" name="@AfterTest closeTheBrowser" time="-1.676260967757E9">
    <skipped/>
  </testcase> <!-- @AfterTest closeTheBrowser -->
  <testcase classname="TestNG.ScheduleFreeClass_TestNG" name="@AfterTest closeTheBrowser" time="-1.676260967758E9">
    <skipped/>
  </testcase> <!-- @AfterTest closeTheBrowser -->
  <testcase classname="TestNG.ScheduleFreeClass_TestNG" name="clickOnScheduleFreeClassButton" time="0.0">
    <skipped/>
  </testcase> <!-- clickOnScheduleFreeClassButton -->
  <testcase classname="TestNG.BuyACourse_TestNG" name="buyAFirstCourse" time="0.0">
    <skipped/>
  </testcase> <!-- buyAFirstCourse -->
  <testcase classname="TestNG.BuyACourse_TestNG" name="buyASecondCourse" time="0.0">
    <skipped/>
  </testcase> <!-- buyASecondCourse -->
</testsuite> <!-- EdgeTesting -->
